d:\dofusrepos\discordane\discordane\release\discordane.pch
d:\dofusrepos\discordane\discordane\release\vc142.pdb
d:\dofusrepos\discordane\discordane\release\pch.obj
d:\dofusrepos\discordane\discordane\release\dllmain.obj
d:\dofusrepos\discordane\release\discordane.lib
d:\dofusrepos\discordane\release\discordane.exp
d:\dofusrepos\discordane\release\discordane.ipdb
d:\dofusrepos\discordane\release\discordane.iobj
d:\dofusrepos\discordane\release\discordane.dll
d:\dofusrepos\discordane\discordane\release\discordane.ipdb
d:\dofusrepos\discordane\discordane\release\discordane.iobj
d:\dofusrepos\discordane\release\discordane.pdb
d:\dofusrepos\discordane\discordane\release\discordane.tlog\cl.command.1.tlog
d:\dofusrepos\discordane\discordane\release\discordane.tlog\cl.read.1.tlog
d:\dofusrepos\discordane\discordane\release\discordane.tlog\cl.write.1.tlog
d:\dofusrepos\discordane\discordane\release\discordane.tlog\discordane.write.1u.tlog
d:\dofusrepos\discordane\discordane\release\discordane.tlog\link.command.1.tlog
d:\dofusrepos\discordane\discordane\release\discordane.tlog\link.delete.1.tlog
d:\dofusrepos\discordane\discordane\release\discordane.tlog\link.read.1.tlog
d:\dofusrepos\discordane\discordane\release\discordane.tlog\link.write.1.tlog
